语法

    0 $accept: sql_list $end

    1 sql_list: sql ';'
    2         | sql_list sql ';'

    3 sql: select_statement

    4 select_statement: SELECT opt_distinct_all selection table_exp

    5 opt_distinct_all: /* 空 */
    6                 | DISTINCT
    7                 | ALL

    8 selection: column_command_list
    9          | '*'

   10 column_command_list: column_ref
   11                    | column_command_list ',' column_ref

   12 column_ref: NAME
   13           | NAME '.' NAME

   14 table_exp: FROM table_command_list opt_where

   15 table_command_list: table
   16                   | table_command_list ',' table

   17 table: NAME
   18      | NAME '.' NAME

   19 opt_where: /* 空 */
   20          | WHERE search_condition

   21 search_condition: search_condition AND search_condition
   22                 | search_condition OR search_condition
   23                 | NOT search_condition
   24                 | '(' search_condition ')'
   25                 | predicate

   26 predicate: comparison_predicate
   27          | in_predicate
   28          | between_predicate

   29 comparison_predicate: atom_exp COMPARISON atom_exp
   30                     | atom_exp COMPARISON subquery

   31 in_predicate: atom_exp IN subquery atom_exp IN '(' atom_exp_list ')' atom_exp NOT IN subquery atom_exp NOT IN '(' atom_exp_list ')'

   32 between_predicate: BETWEEN atom_exp AND atom_exp NOT BETWEEN atom_exp AND atom_exp

   33 atom_exp_list: atom_exp
   34              | atom_exp_list ',' atom_exp

   35 atom_exp: atom_exp '+' atom_exp
   36         | atom_exp '-' atom_exp
   37         | atom_exp '*' atom_exp
   38         | atom_exp '/' atom_exp
   39         | '+' atom_exp
   40         | '-' atom_exp
   41         | column_ref
   42         | literal
   43         | function_ref

   44 literal: STRING
   45        | INTNUM
   46        | APPROXNUM

   47 function_ref: RESERVED '(' atom_exp ')'

   48 subquery: '(' select_statement ')'


Terminals, with rules where they appear

$end (0) 0
'(' (40) 24 31 47 48
')' (41) 24 31 47 48
'*' (42) 9 37
'+' (43) 35 39
',' (44) 11 16 34
'-' (45) 36 40
'.' (46) 13 18
'/' (47) 38
';' (59) 1 2
error (256)
NAME (258) 12 13 17 18
INTNUM (259) 45
APPROXNUM (260) 46
STRING (261) 44
OR (262) 22
AND (263) 21 32
NOT (264) 23 31 32
COMPARISON (265) 29 30
UMINUS (266)
RESERVED (267) 47
DISTINCT (268) 6
ALL (269) 7
SELECT (270) 4
WHERE (271) 20
FROM (272) 14
IN (273) 31
BETWEEN (274) 32


Nonterminals, with rules where they appear

$accept (29)
    左： 0
sql_list (30)
    左： 1 2, 右： 0 2
sql (31)
    左： 3, 右： 1 2
select_statement (32)
    左： 4, 右： 3 48
opt_distinct_all (33)
    左： 5 6 7, 右： 4
selection (34)
    左： 8 9, 右： 4
column_command_list (35)
    左： 10 11, 右： 8 11
column_ref (36)
    左： 12 13, 右： 10 11 41
table_exp (37)
    左： 14, 右： 4
table_command_list (38)
    左： 15 16, 右： 14 16
table (39)
    左： 17 18, 右： 15 16
opt_where (40)
    左： 19 20, 右： 14
search_condition (41)
    左： 21 22 23 24 25, 右： 20 21 22 23 24
predicate (42)
    左： 26 27 28, 右： 25
comparison_predicate (43)
    左： 29 30, 右： 26
in_predicate (44)
    左： 31, 右： 27
between_predicate (45)
    左： 32, 右： 28
atom_exp_list (46)
    左： 33 34, 右： 31 34
atom_exp (47)
    左： 35 36 37 38 39 40 41 42 43, 右： 29 30 31 32 33 34 35
    36 37 38 39 40 47
literal (48)
    左： 44 45 46, 右： 42
function_ref (49)
    左： 47, 右： 43
subquery (50)
    左： 48, 右： 30 31


状态 0

    0 $accept: . sql_list $end

    SELECT  shift, and go to state 1

    sql_list          转到状态2
    sql               转到状态3
    select_statement  转到状态4


状态 1

    4 select_statement: SELECT . opt_distinct_all selection table_exp

    DISTINCT  shift, and go to state 5
    ALL       shift, and go to state 6

    $default  reduce using rule 5 (opt_distinct_all)

    opt_distinct_all  转到状态7


状态 2

    0 $accept: sql_list . $end
    2 sql_list: sql_list . sql ';'

    $end    shift, and go to state 8
    SELECT  shift, and go to state 1

    sql               转到状态9
    select_statement  转到状态4


状态 3

    1 sql_list: sql . ';'

    ';'  shift, and go to state 10


状态 4

    3 sql: select_statement .

    $default  reduce using rule 3 (sql)


状态 5

    6 opt_distinct_all: DISTINCT .

    $default  reduce using rule 6 (opt_distinct_all)


状态 6

    7 opt_distinct_all: ALL .

    $default  reduce using rule 7 (opt_distinct_all)


状态 7

    4 select_statement: SELECT opt_distinct_all . selection table_exp

    NAME  shift, and go to state 11
    '*'   shift, and go to state 12

    selection            转到状态13
    column_command_list  转到状态14
    column_ref           转到状态15


状态 8

    0 $accept: sql_list $end .

    $default  接受


状态 9

    2 sql_list: sql_list sql . ';'

    ';'  shift, and go to state 16


状态 10

    1 sql_list: sql ';' .

    $default  reduce using rule 1 (sql_list)


状态 11

   12 column_ref: NAME .
   13           | NAME . '.' NAME

    '.'  shift, and go to state 17

    $default  reduce using rule 12 (column_ref)


状态 12

    9 selection: '*' .

    $default  reduce using rule 9 (selection)


状态 13

    4 select_statement: SELECT opt_distinct_all selection . table_exp

    FROM  shift, and go to state 18

    table_exp  转到状态19


状态 14

    8 selection: column_command_list .
   11 column_command_list: column_command_list . ',' column_ref

    ','  shift, and go to state 20

    $default  reduce using rule 8 (selection)


状态 15

   10 column_command_list: column_ref .

    $default  reduce using rule 10 (column_command_list)


状态 16

    2 sql_list: sql_list sql ';' .

    $default  reduce using rule 2 (sql_list)


状态 17

   13 column_ref: NAME '.' . NAME

    NAME  shift, and go to state 21


状态 18

   14 table_exp: FROM . table_command_list opt_where

    NAME  shift, and go to state 22

    table_command_list  转到状态23
    table               转到状态24


状态 19

    4 select_statement: SELECT opt_distinct_all selection table_exp .

    $default  reduce using rule 4 (select_statement)


状态 20

   11 column_command_list: column_command_list ',' . column_ref

    NAME  shift, and go to state 11

    column_ref  转到状态25


状态 21

   13 column_ref: NAME '.' NAME .

    $default  reduce using rule 13 (column_ref)


状态 22

   17 table: NAME .
   18      | NAME . '.' NAME

    '.'  shift, and go to state 26

    $default  reduce using rule 17 (table)


状态 23

   14 table_exp: FROM table_command_list . opt_where
   16 table_command_list: table_command_list . ',' table

    WHERE  shift, and go to state 27
    ','    shift, and go to state 28

    $default  reduce using rule 19 (opt_where)

    opt_where  转到状态29


状态 24

   15 table_command_list: table .

    $default  reduce using rule 15 (table_command_list)


状态 25

   11 column_command_list: column_command_list ',' column_ref .

    $default  reduce using rule 11 (column_command_list)


状态 26

   18 table: NAME '.' . NAME

    NAME  shift, and go to state 30


状态 27

   20 opt_where: WHERE . search_condition

    NAME       shift, and go to state 11
    INTNUM     shift, and go to state 31
    APPROXNUM  shift, and go to state 32
    STRING     shift, and go to state 33
    NOT        shift, and go to state 34
    '+'        shift, and go to state 35
    '-'        shift, and go to state 36
    RESERVED   shift, and go to state 37
    BETWEEN    shift, and go to state 38
    '('        shift, and go to state 39

    column_ref            转到状态40
    search_condition      转到状态41
    predicate             转到状态42
    comparison_predicate  转到状态43
    in_predicate          转到状态44
    between_predicate     转到状态45
    atom_exp              转到状态46
    literal               转到状态47
    function_ref          转到状态48


状态 28

   16 table_command_list: table_command_list ',' . table

    NAME  shift, and go to state 22

    table  转到状态49


状态 29

   14 table_exp: FROM table_command_list opt_where .

    $default  reduce using rule 14 (table_exp)


状态 30

   18 table: NAME '.' NAME .

    $default  reduce using rule 18 (table)


状态 31

   45 literal: INTNUM .

    $default  reduce using rule 45 (literal)


状态 32

   46 literal: APPROXNUM .

    $default  reduce using rule 46 (literal)


状态 33

   44 literal: STRING .

    $default  reduce using rule 44 (literal)


状态 34

   23 search_condition: NOT . search_condition

    NAME       shift, and go to state 11
    INTNUM     shift, and go to state 31
    APPROXNUM  shift, and go to state 32
    STRING     shift, and go to state 33
    NOT        shift, and go to state 34
    '+'        shift, and go to state 35
    '-'        shift, and go to state 36
    RESERVED   shift, and go to state 37
    BETWEEN    shift, and go to state 38
    '('        shift, and go to state 39

    column_ref            转到状态40
    search_condition      转到状态50
    predicate             转到状态42
    comparison_predicate  转到状态43
    in_predicate          转到状态44
    between_predicate     转到状态45
    atom_exp              转到状态46
    literal               转到状态47
    function_ref          转到状态48


状态 35

   39 atom_exp: '+' . atom_exp

    NAME       shift, and go to state 11
    INTNUM     shift, and go to state 31
    APPROXNUM  shift, and go to state 32
    STRING     shift, and go to state 33
    '+'        shift, and go to state 35
    '-'        shift, and go to state 36
    RESERVED   shift, and go to state 37

    column_ref    转到状态40
    atom_exp      转到状态51
    literal       转到状态47
    function_ref  转到状态48


状态 36

   40 atom_exp: '-' . atom_exp

    NAME       shift, and go to state 11
    INTNUM     shift, and go to state 31
    APPROXNUM  shift, and go to state 32
    STRING     shift, and go to state 33
    '+'        shift, and go to state 35
    '-'        shift, and go to state 36
    RESERVED   shift, and go to state 37

    column_ref    转到状态40
    atom_exp      转到状态52
    literal       转到状态47
    function_ref  转到状态48


状态 37

   47 function_ref: RESERVED . '(' atom_exp ')'

    '('  shift, and go to state 53


状态 38

   32 between_predicate: BETWEEN . atom_exp AND atom_exp NOT BETWEEN atom_exp AND atom_exp

    NAME       shift, and go to state 11
    INTNUM     shift, and go to state 31
    APPROXNUM  shift, and go to state 32
    STRING     shift, and go to state 33
    '+'        shift, and go to state 35
    '-'        shift, and go to state 36
    RESERVED   shift, and go to state 37

    column_ref    转到状态40
    atom_exp      转到状态54
    literal       转到状态47
    function_ref  转到状态48


状态 39

   24 search_condition: '(' . search_condition ')'

    NAME       shift, and go to state 11
    INTNUM     shift, and go to state 31
    APPROXNUM  shift, and go to state 32
    STRING     shift, and go to state 33
    NOT        shift, and go to state 34
    '+'        shift, and go to state 35
    '-'        shift, and go to state 36
    RESERVED   shift, and go to state 37
    BETWEEN    shift, and go to state 38
    '('        shift, and go to state 39

    column_ref            转到状态40
    search_condition      转到状态55
    predicate             转到状态42
    comparison_predicate  转到状态43
    in_predicate          转到状态44
    between_predicate     转到状态45
    atom_exp              转到状态46
    literal               转到状态47
    function_ref          转到状态48


状态 40

   41 atom_exp: column_ref .

    $default  reduce using rule 41 (atom_exp)


状态 41

   20 opt_where: WHERE search_condition .
   21 search_condition: search_condition . AND search_condition
   22                 | search_condition . OR search_condition

    OR   shift, and go to state 56
    AND  shift, and go to state 57

    $default  reduce using rule 20 (opt_where)


状态 42

   25 search_condition: predicate .

    $default  reduce using rule 25 (search_condition)


状态 43

   26 predicate: comparison_predicate .

    $default  reduce using rule 26 (predicate)


状态 44

   27 predicate: in_predicate .

    $default  reduce using rule 27 (predicate)


状态 45

   28 predicate: between_predicate .

    $default  reduce using rule 28 (predicate)


状态 46

   29 comparison_predicate: atom_exp . COMPARISON atom_exp
   30                     | atom_exp . COMPARISON subquery
   31 in_predicate: atom_exp . IN subquery atom_exp IN '(' atom_exp_list ')' atom_exp NOT IN subquery atom_exp NOT IN '(' atom_exp_list ')'
   35 atom_exp: atom_exp . '+' atom_exp
   36         | atom_exp . '-' atom_exp
   37         | atom_exp . '*' atom_exp
   38         | atom_exp . '/' atom_exp

    COMPARISON  shift, and go to state 58
    '+'         shift, and go to state 59
    '-'         shift, and go to state 60
    '*'         shift, and go to state 61
    '/'         shift, and go to state 62
    IN          shift, and go to state 63


状态 47

   42 atom_exp: literal .

    $default  reduce using rule 42 (atom_exp)


状态 48

   43 atom_exp: function_ref .

    $default  reduce using rule 43 (atom_exp)


状态 49

   16 table_command_list: table_command_list ',' table .

    $default  reduce using rule 16 (table_command_list)


状态 50

   21 search_condition: search_condition . AND search_condition
   22                 | search_condition . OR search_condition
   23                 | NOT search_condition .

    $default  reduce using rule 23 (search_condition)


状态 51

   35 atom_exp: atom_exp . '+' atom_exp
   36         | atom_exp . '-' atom_exp
   37         | atom_exp . '*' atom_exp
   38         | atom_exp . '/' atom_exp
   39         | '+' atom_exp .

    $default  reduce using rule 39 (atom_exp)


状态 52

   35 atom_exp: atom_exp . '+' atom_exp
   36         | atom_exp . '-' atom_exp
   37         | atom_exp . '*' atom_exp
   38         | atom_exp . '/' atom_exp
   40         | '-' atom_exp .

    $default  reduce using rule 40 (atom_exp)


状态 53

   47 function_ref: RESERVED '(' . atom_exp ')'

    NAME       shift, and go to state 11
    INTNUM     shift, and go to state 31
    APPROXNUM  shift, and go to state 32
    STRING     shift, and go to state 33
    '+'        shift, and go to state 35
    '-'        shift, and go to state 36
    RESERVED   shift, and go to state 37

    column_ref    转到状态40
    atom_exp      转到状态64
    literal       转到状态47
    function_ref  转到状态48


状态 54

   32 between_predicate: BETWEEN atom_exp . AND atom_exp NOT BETWEEN atom_exp AND atom_exp
   35 atom_exp: atom_exp . '+' atom_exp
   36         | atom_exp . '-' atom_exp
   37         | atom_exp . '*' atom_exp
   38         | atom_exp . '/' atom_exp

    AND  shift, and go to state 65
    '+'  shift, and go to state 59
    '-'  shift, and go to state 60
    '*'  shift, and go to state 61
    '/'  shift, and go to state 62


状态 55

   21 search_condition: search_condition . AND search_condition
   22                 | search_condition . OR search_condition
   24                 | '(' search_condition . ')'

    OR   shift, and go to state 56
    AND  shift, and go to state 57
    ')'  shift, and go to state 66


状态 56

   22 search_condition: search_condition OR . search_condition

    NAME       shift, and go to state 11
    INTNUM     shift, and go to state 31
    APPROXNUM  shift, and go to state 32
    STRING     shift, and go to state 33
    NOT        shift, and go to state 34
    '+'        shift, and go to state 35
    '-'        shift, and go to state 36
    RESERVED   shift, and go to state 37
    BETWEEN    shift, and go to state 38
    '('        shift, and go to state 39

    column_ref            转到状态40
    search_condition      转到状态67
    predicate             转到状态42
    comparison_predicate  转到状态43
    in_predicate          转到状态44
    between_predicate     转到状态45
    atom_exp              转到状态46
    literal               转到状态47
    function_ref          转到状态48


状态 57

   21 search_condition: search_condition AND . search_condition

    NAME       shift, and go to state 11
    INTNUM     shift, and go to state 31
    APPROXNUM  shift, and go to state 32
    STRING     shift, and go to state 33
    NOT        shift, and go to state 34
    '+'        shift, and go to state 35
    '-'        shift, and go to state 36
    RESERVED   shift, and go to state 37
    BETWEEN    shift, and go to state 38
    '('        shift, and go to state 39

    column_ref            转到状态40
    search_condition      转到状态68
    predicate             转到状态42
    comparison_predicate  转到状态43
    in_predicate          转到状态44
    between_predicate     转到状态45
    atom_exp              转到状态46
    literal               转到状态47
    function_ref          转到状态48


状态 58

   29 comparison_predicate: atom_exp COMPARISON . atom_exp
   30                     | atom_exp COMPARISON . subquery

    NAME       shift, and go to state 11
    INTNUM     shift, and go to state 31
    APPROXNUM  shift, and go to state 32
    STRING     shift, and go to state 33
    '+'        shift, and go to state 35
    '-'        shift, and go to state 36
    RESERVED   shift, and go to state 37
    '('        shift, and go to state 69

    column_ref    转到状态40
    atom_exp      转到状态70
    literal       转到状态47
    function_ref  转到状态48
    subquery      转到状态71


状态 59

   35 atom_exp: atom_exp '+' . atom_exp

    NAME       shift, and go to state 11
    INTNUM     shift, and go to state 31
    APPROXNUM  shift, and go to state 32
    STRING     shift, and go to state 33
    '+'        shift, and go to state 35
    '-'        shift, and go to state 36
    RESERVED   shift, and go to state 37

    column_ref    转到状态40
    atom_exp      转到状态72
    literal       转到状态47
    function_ref  转到状态48


状态 60

   36 atom_exp: atom_exp '-' . atom_exp

    NAME       shift, and go to state 11
    INTNUM     shift, and go to state 31
    APPROXNUM  shift, and go to state 32
    STRING     shift, and go to state 33
    '+'        shift, and go to state 35
    '-'        shift, and go to state 36
    RESERVED   shift, and go to state 37

    column_ref    转到状态40
    atom_exp      转到状态73
    literal       转到状态47
    function_ref  转到状态48


状态 61

   37 atom_exp: atom_exp '*' . atom_exp

    NAME       shift, and go to state 11
    INTNUM     shift, and go to state 31
    APPROXNUM  shift, and go to state 32
    STRING     shift, and go to state 33
    '+'        shift, and go to state 35
    '-'        shift, and go to state 36
    RESERVED   shift, and go to state 37

    column_ref    转到状态40
    atom_exp      转到状态74
    literal       转到状态47
    function_ref  转到状态48


状态 62

   38 atom_exp: atom_exp '/' . atom_exp

    NAME       shift, and go to state 11
    INTNUM     shift, and go to state 31
    APPROXNUM  shift, and go to state 32
    STRING     shift, and go to state 33
    '+'        shift, and go to state 35
    '-'        shift, and go to state 36
    RESERVED   shift, and go to state 37

    column_ref    转到状态40
    atom_exp      转到状态75
    literal       转到状态47
    function_ref  转到状态48


状态 63

   31 in_predicate: atom_exp IN . subquery atom_exp IN '(' atom_exp_list ')' atom_exp NOT IN subquery atom_exp NOT IN '(' atom_exp_list ')'

    '('  shift, and go to state 69

    subquery  转到状态76


状态 64

   35 atom_exp: atom_exp . '+' atom_exp
   36         | atom_exp . '-' atom_exp
   37         | atom_exp . '*' atom_exp
   38         | atom_exp . '/' atom_exp
   47 function_ref: RESERVED '(' atom_exp . ')'

    '+'  shift, and go to state 59
    '-'  shift, and go to state 60
    '*'  shift, and go to state 61
    '/'  shift, and go to state 62
    ')'  shift, and go to state 77


状态 65

   32 between_predicate: BETWEEN atom_exp AND . atom_exp NOT BETWEEN atom_exp AND atom_exp

    NAME       shift, and go to state 11
    INTNUM     shift, and go to state 31
    APPROXNUM  shift, and go to state 32
    STRING     shift, and go to state 33
    '+'        shift, and go to state 35
    '-'        shift, and go to state 36
    RESERVED   shift, and go to state 37

    column_ref    转到状态40
    atom_exp      转到状态78
    literal       转到状态47
    function_ref  转到状态48


状态 66

   24 search_condition: '(' search_condition ')' .

    $default  reduce using rule 24 (search_condition)


状态 67

   21 search_condition: search_condition . AND search_condition
   22                 | search_condition . OR search_condition
   22                 | search_condition OR search_condition .

    AND  shift, and go to state 57

    $default  reduce using rule 22 (search_condition)


状态 68

   21 search_condition: search_condition . AND search_condition
   21                 | search_condition AND search_condition .
   22                 | search_condition . OR search_condition

    $default  reduce using rule 21 (search_condition)


状态 69

   48 subquery: '(' . select_statement ')'

    SELECT  shift, and go to state 1

    select_statement  转到状态79


状态 70

   29 comparison_predicate: atom_exp COMPARISON atom_exp .
   35 atom_exp: atom_exp . '+' atom_exp
   36         | atom_exp . '-' atom_exp
   37         | atom_exp . '*' atom_exp
   38         | atom_exp . '/' atom_exp

    '+'  shift, and go to state 59
    '-'  shift, and go to state 60
    '*'  shift, and go to state 61
    '/'  shift, and go to state 62

    $default  reduce using rule 29 (comparison_predicate)


状态 71

   30 comparison_predicate: atom_exp COMPARISON subquery .

    $default  reduce using rule 30 (comparison_predicate)


状态 72

   35 atom_exp: atom_exp . '+' atom_exp
   35         | atom_exp '+' atom_exp .
   36         | atom_exp . '-' atom_exp
   37         | atom_exp . '*' atom_exp
   38         | atom_exp . '/' atom_exp

    '*'  shift, and go to state 61
    '/'  shift, and go to state 62

    $default  reduce using rule 35 (atom_exp)


状态 73

   35 atom_exp: atom_exp . '+' atom_exp
   36         | atom_exp . '-' atom_exp
   36         | atom_exp '-' atom_exp .
   37         | atom_exp . '*' atom_exp
   38         | atom_exp . '/' atom_exp

    '*'  shift, and go to state 61
    '/'  shift, and go to state 62

    $default  reduce using rule 36 (atom_exp)


状态 74

   35 atom_exp: atom_exp . '+' atom_exp
   36         | atom_exp . '-' atom_exp
   37         | atom_exp . '*' atom_exp
   37         | atom_exp '*' atom_exp .
   38         | atom_exp . '/' atom_exp

    $default  reduce using rule 37 (atom_exp)


状态 75

   35 atom_exp: atom_exp . '+' atom_exp
   36         | atom_exp . '-' atom_exp
   37         | atom_exp . '*' atom_exp
   38         | atom_exp . '/' atom_exp
   38         | atom_exp '/' atom_exp .

    $default  reduce using rule 38 (atom_exp)


状态 76

   31 in_predicate: atom_exp IN subquery . atom_exp IN '(' atom_exp_list ')' atom_exp NOT IN subquery atom_exp NOT IN '(' atom_exp_list ')'

    NAME       shift, and go to state 11
    INTNUM     shift, and go to state 31
    APPROXNUM  shift, and go to state 32
    STRING     shift, and go to state 33
    '+'        shift, and go to state 35
    '-'        shift, and go to state 36
    RESERVED   shift, and go to state 37

    column_ref    转到状态40
    atom_exp      转到状态80
    literal       转到状态47
    function_ref  转到状态48


状态 77

   47 function_ref: RESERVED '(' atom_exp ')' .

    $default  reduce using rule 47 (function_ref)


状态 78

   32 between_predicate: BETWEEN atom_exp AND atom_exp . NOT BETWEEN atom_exp AND atom_exp
   35 atom_exp: atom_exp . '+' atom_exp
   36         | atom_exp . '-' atom_exp
   37         | atom_exp . '*' atom_exp
   38         | atom_exp . '/' atom_exp

    NOT  shift, and go to state 81
    '+'  shift, and go to state 59
    '-'  shift, and go to state 60
    '*'  shift, and go to state 61
    '/'  shift, and go to state 62


状态 79

   48 subquery: '(' select_statement . ')'

    ')'  shift, and go to state 82


状态 80

   31 in_predicate: atom_exp IN subquery atom_exp . IN '(' atom_exp_list ')' atom_exp NOT IN subquery atom_exp NOT IN '(' atom_exp_list ')'
   35 atom_exp: atom_exp . '+' atom_exp
   36         | atom_exp . '-' atom_exp
   37         | atom_exp . '*' atom_exp
   38         | atom_exp . '/' atom_exp

    '+'  shift, and go to state 59
    '-'  shift, and go to state 60
    '*'  shift, and go to state 61
    '/'  shift, and go to state 62
    IN   shift, and go to state 83


状态 81

   32 between_predicate: BETWEEN atom_exp AND atom_exp NOT . BETWEEN atom_exp AND atom_exp

    BETWEEN  shift, and go to state 84


状态 82

   48 subquery: '(' select_statement ')' .

    $default  reduce using rule 48 (subquery)


状态 83

   31 in_predicate: atom_exp IN subquery atom_exp IN . '(' atom_exp_list ')' atom_exp NOT IN subquery atom_exp NOT IN '(' atom_exp_list ')'

    '('  shift, and go to state 85


状态 84

   32 between_predicate: BETWEEN atom_exp AND atom_exp NOT BETWEEN . atom_exp AND atom_exp

    NAME       shift, and go to state 11
    INTNUM     shift, and go to state 31
    APPROXNUM  shift, and go to state 32
    STRING     shift, and go to state 33
    '+'        shift, and go to state 35
    '-'        shift, and go to state 36
    RESERVED   shift, and go to state 37

    column_ref    转到状态40
    atom_exp      转到状态86
    literal       转到状态47
    function_ref  转到状态48


状态 85

   31 in_predicate: atom_exp IN subquery atom_exp IN '(' . atom_exp_list ')' atom_exp NOT IN subquery atom_exp NOT IN '(' atom_exp_list ')'

    NAME       shift, and go to state 11
    INTNUM     shift, and go to state 31
    APPROXNUM  shift, and go to state 32
    STRING     shift, and go to state 33
    '+'        shift, and go to state 35
    '-'        shift, and go to state 36
    RESERVED   shift, and go to state 37

    column_ref     转到状态40
    atom_exp_list  转到状态87
    atom_exp       转到状态88
    literal        转到状态47
    function_ref   转到状态48


状态 86

   32 between_predicate: BETWEEN atom_exp AND atom_exp NOT BETWEEN atom_exp . AND atom_exp
   35 atom_exp: atom_exp . '+' atom_exp
   36         | atom_exp . '-' atom_exp
   37         | atom_exp . '*' atom_exp
   38         | atom_exp . '/' atom_exp

    AND  shift, and go to state 89
    '+'  shift, and go to state 59
    '-'  shift, and go to state 60
    '*'  shift, and go to state 61
    '/'  shift, and go to state 62


状态 87

   31 in_predicate: atom_exp IN subquery atom_exp IN '(' atom_exp_list . ')' atom_exp NOT IN subquery atom_exp NOT IN '(' atom_exp_list ')'
   34 atom_exp_list: atom_exp_list . ',' atom_exp

    ','  shift, and go to state 90
    ')'  shift, and go to state 91


状态 88

   33 atom_exp_list: atom_exp .
   35 atom_exp: atom_exp . '+' atom_exp
   36         | atom_exp . '-' atom_exp
   37         | atom_exp . '*' atom_exp
   38         | atom_exp . '/' atom_exp

    '+'  shift, and go to state 59
    '-'  shift, and go to state 60
    '*'  shift, and go to state 61
    '/'  shift, and go to state 62

    $default  reduce using rule 33 (atom_exp_list)


状态 89

   32 between_predicate: BETWEEN atom_exp AND atom_exp NOT BETWEEN atom_exp AND . atom_exp

    NAME       shift, and go to state 11
    INTNUM     shift, and go to state 31
    APPROXNUM  shift, and go to state 32
    STRING     shift, and go to state 33
    '+'        shift, and go to state 35
    '-'        shift, and go to state 36
    RESERVED   shift, and go to state 37

    column_ref    转到状态40
    atom_exp      转到状态92
    literal       转到状态47
    function_ref  转到状态48


状态 90

   34 atom_exp_list: atom_exp_list ',' . atom_exp

    NAME       shift, and go to state 11
    INTNUM     shift, and go to state 31
    APPROXNUM  shift, and go to state 32
    STRING     shift, and go to state 33
    '+'        shift, and go to state 35
    '-'        shift, and go to state 36
    RESERVED   shift, and go to state 37

    column_ref    转到状态40
    atom_exp      转到状态93
    literal       转到状态47
    function_ref  转到状态48


状态 91

   31 in_predicate: atom_exp IN subquery atom_exp IN '(' atom_exp_list ')' . atom_exp NOT IN subquery atom_exp NOT IN '(' atom_exp_list ')'

    NAME       shift, and go to state 11
    INTNUM     shift, and go to state 31
    APPROXNUM  shift, and go to state 32
    STRING     shift, and go to state 33
    '+'        shift, and go to state 35
    '-'        shift, and go to state 36
    RESERVED   shift, and go to state 37

    column_ref    转到状态40
    atom_exp      转到状态94
    literal       转到状态47
    function_ref  转到状态48


状态 92

   32 between_predicate: BETWEEN atom_exp AND atom_exp NOT BETWEEN atom_exp AND atom_exp .
   35 atom_exp: atom_exp . '+' atom_exp
   36         | atom_exp . '-' atom_exp
   37         | atom_exp . '*' atom_exp
   38         | atom_exp . '/' atom_exp

    '+'  shift, and go to state 59
    '-'  shift, and go to state 60
    '*'  shift, and go to state 61
    '/'  shift, and go to state 62

    $default  reduce using rule 32 (between_predicate)


状态 93

   34 atom_exp_list: atom_exp_list ',' atom_exp .
   35 atom_exp: atom_exp . '+' atom_exp
   36         | atom_exp . '-' atom_exp
   37         | atom_exp . '*' atom_exp
   38         | atom_exp . '/' atom_exp

    '+'  shift, and go to state 59
    '-'  shift, and go to state 60
    '*'  shift, and go to state 61
    '/'  shift, and go to state 62

    $default  reduce using rule 34 (atom_exp_list)


状态 94

   31 in_predicate: atom_exp IN subquery atom_exp IN '(' atom_exp_list ')' atom_exp . NOT IN subquery atom_exp NOT IN '(' atom_exp_list ')'
   35 atom_exp: atom_exp . '+' atom_exp
   36         | atom_exp . '-' atom_exp
   37         | atom_exp . '*' atom_exp
   38         | atom_exp . '/' atom_exp

    NOT  shift, and go to state 95
    '+'  shift, and go to state 59
    '-'  shift, and go to state 60
    '*'  shift, and go to state 61
    '/'  shift, and go to state 62


状态 95

   31 in_predicate: atom_exp IN subquery atom_exp IN '(' atom_exp_list ')' atom_exp NOT . IN subquery atom_exp NOT IN '(' atom_exp_list ')'

    IN  shift, and go to state 96


状态 96

   31 in_predicate: atom_exp IN subquery atom_exp IN '(' atom_exp_list ')' atom_exp NOT IN . subquery atom_exp NOT IN '(' atom_exp_list ')'

    '('  shift, and go to state 69

    subquery  转到状态97


状态 97

   31 in_predicate: atom_exp IN subquery atom_exp IN '(' atom_exp_list ')' atom_exp NOT IN subquery . atom_exp NOT IN '(' atom_exp_list ')'

    NAME       shift, and go to state 11
    INTNUM     shift, and go to state 31
    APPROXNUM  shift, and go to state 32
    STRING     shift, and go to state 33
    '+'        shift, and go to state 35
    '-'        shift, and go to state 36
    RESERVED   shift, and go to state 37

    column_ref    转到状态40
    atom_exp      转到状态98
    literal       转到状态47
    function_ref  转到状态48


状态 98

   31 in_predicate: atom_exp IN subquery atom_exp IN '(' atom_exp_list ')' atom_exp NOT IN subquery atom_exp . NOT IN '(' atom_exp_list ')'
   35 atom_exp: atom_exp . '+' atom_exp
   36         | atom_exp . '-' atom_exp
   37         | atom_exp . '*' atom_exp
   38         | atom_exp . '/' atom_exp

    NOT  shift, and go to state 99
    '+'  shift, and go to state 59
    '-'  shift, and go to state 60
    '*'  shift, and go to state 61
    '/'  shift, and go to state 62


状态 99

   31 in_predicate: atom_exp IN subquery atom_exp IN '(' atom_exp_list ')' atom_exp NOT IN subquery atom_exp NOT . IN '(' atom_exp_list ')'

    IN  shift, and go to state 100


状态 100

   31 in_predicate: atom_exp IN subquery atom_exp IN '(' atom_exp_list ')' atom_exp NOT IN subquery atom_exp NOT IN . '(' atom_exp_list ')'

    '('  shift, and go to state 101


状态 101

   31 in_predicate: atom_exp IN subquery atom_exp IN '(' atom_exp_list ')' atom_exp NOT IN subquery atom_exp NOT IN '(' . atom_exp_list ')'

    NAME       shift, and go to state 11
    INTNUM     shift, and go to state 31
    APPROXNUM  shift, and go to state 32
    STRING     shift, and go to state 33
    '+'        shift, and go to state 35
    '-'        shift, and go to state 36
    RESERVED   shift, and go to state 37

    column_ref     转到状态40
    atom_exp_list  转到状态102
    atom_exp       转到状态88
    literal        转到状态47
    function_ref   转到状态48


状态 102

   31 in_predicate: atom_exp IN subquery atom_exp IN '(' atom_exp_list ')' atom_exp NOT IN subquery atom_exp NOT IN '(' atom_exp_list . ')'
   34 atom_exp_list: atom_exp_list . ',' atom_exp

    ','  shift, and go to state 90
    ')'  shift, and go to state 103


状态 103

   31 in_predicate: atom_exp IN subquery atom_exp IN '(' atom_exp_list ')' atom_exp NOT IN subquery atom_exp NOT IN '(' atom_exp_list ')' .

    $default  reduce using rule 31 (in_predicate)
